<?xml version="1.0" encoding="UTF-8"?>
<!-- Generated by org.testng.reporters.JUnitReportReporter -->
<testsuite hostname="LAPTOP-TL8F9M4F" failures="0" tests="1" name="runner3.TestRunner3" time="7.645" errors="0" timestamp="2024-04-09T00:41:24 IST" skipped="0">
  <testcase classname="runner3.TestRunner3" name="runScenario" time="7.645"/>
  <system-out/>
</testsuite> <!-- runner3.TestRunner3 -->
